<?xml version="1.0" encoding="UTF-8"?>
<!-- Generated by org.testng.reporters.JUnitReportReporter -->
<testsuite hostname="DESKTOP-GGQ6OF8" failures="0" tests="1" name="testlayer.Flipkarttest" time="46.259" errors="0" timestamp="2024-06-20T20:01:56 IST" skipped="0">
  <testcase classname="testlayer.Flipkarttest" name="TestAll" time="46.259"/>
</testsuite> <!-- testlayer.Flipkarttest -->
